# JRE version: Java(TM) SE Runtime Environment (17.0.4.1+1) (build 17.0.4.1+1-LTS-2)
# Java VM: Java HotSpot(TM) 64-Bit Server VM (17.0.4.1+1-LTS-2, mixed mode, sharing, tiered, compressed oops, compressed class ptrs, g1 gc, windows-amd64)
GC Precious Log:
 CPUs: 8 total, 8 available
 Memory: 12170M
 Large Page Support: Disabled
 NUMA Support: Disabled
 Compressed Oops: Enabled (32-bit)
 Heap Region Size: 1M
 Heap Min Capacity: 256M
 Heap Initial Capacity: 256M
 Heap Max Capacity: 512M
 Pre-touch: Disabled
 Parallel Workers: 8
 Concurrent Workers: 2
 Concurrent Refinement Workers: 8
 Periodic GC: Disabled
Heap:
 garbage-first heap   total 339968K, used 196097K [0x00000000e0000000, 0x0000000100000000)
  region size 1024K, 9 young (9216K), 1 survivors (1024K)
 Metaspace       used 81623K, committed 83200K, reserved 286720K
  class space    used 10822K, committed 11456K, reserved 212992K
GC Heap History (20 events):
Event: 354.900 GC heap after
{Heap after GC invocations=23 (full 0):
 garbage-first heap   total 307200K, used 176610K [0x00000000e0000000, 0x0000000100000000)
  region size 1024K, 5 young (5120K), 5 survivors (5120K)
 Metaspace       used 74723K, committed 75712K, reserved 286720K
  class space    used 10126K, committed 10560K, reserved 212992K
}
Event: 354.993 GC heap before
{Heap before GC invocations=23 (full 0):
 garbage-first heap   total 307200K, used 185826K [0x00000000e0000000, 0x0000000100000000)
  region size 1024K, 15 young (15360K), 5 survivors (5120K)
 Metaspace       used 74754K, committed 75712K, reserved 286720K
  class space    used 10126K, committed 10560K, reserved 212992K
}
Event: 355.000 GC heap after
{Heap after GC invocations=24 (full 0):
 garbage-first heap   total 307200K, used 173060K [0x00000000e0000000, 0x0000000100000000)
  region size 1024K, 2 young (2048K), 2 survivors (2048K)
 Metaspace       used 74754K, committed 75712K, reserved 286720K
  class space    used 10126K, committed 10560K, reserved 212992K
}
Event: 356.092 GC heap before
{Heap before GC invocations=24 (full 0):
 garbage-first heap   total 307200K, used 251908K [0x00000000e0000000, 0x0000000100000000)
  region size 1024K, 80 young (81920K), 2 survivors (2048K)
 Metaspace       used 76350K, committed 77184K, reserved 286720K
  class space    used 10355K, committed 10752K, reserved 212992K
}
Event: 356.098 GC heap after
{Heap after GC invocations=25 (full 0):
 garbage-first heap   total 307200K, used 176832K [0x00000000e0000000, 0x0000000100000000)
  region size 1024K, 5 young (5120K), 5 survivors (5120K)
 Metaspace       used 76350K, committed 77184K, reserved 286720K
  class space    used 10355K, committed 10752K, reserved 212992K
}
Event: 357.262 GC heap before
{Heap before GC invocations=26 (full 0):
 garbage-first heap   total 307200K, used 256704K [0x00000000e0000000, 0x0000000100000000)
  region size 1024K, 83 young (84992K), 5 survivors (5120K)
 Metaspace       used 79904K, committed 80832K, reserved 286720K
  class space    used 10757K, committed 11200K, reserved 212992K
}
Event: 357.271 GC heap after
{Heap after GC invocations=27 (full 0):
 garbage-first heap   total 307200K, used 180983K [0x00000000e0000000, 0x0000000100000000)
  region size 1024K, 9 young (9216K), 9 survivors (9216K)
 Metaspace       used 79904K, committed 80832K, reserved 286720K
  class space    used 10757K, committed 11200K, reserved 212992K
}
Event: 357.357 GC heap before
{Heap before GC invocations=27 (full 0):
 garbage-first heap   total 307200K, used 187127K [0x00000000e0000000, 0x0000000100000000)
  region size 1024K, 15 young (15360K), 9 survivors (9216K)
 Metaspace       used 80216K, committed 81088K, reserved 286720K
  class space    used 10789K, committed 11200K, reserved 212992K
}
Event: 357.371 GC heap after
{Heap after GC invocations=28 (full 0):
 garbage-first heap   total 307200K, used 179694K [0x00000000e0000000, 0x0000000100000000)
  region size 1024K, 2 young (2048K), 2 survivors (2048K)
 Metaspace       used 80216K, committed 81088K, reserved 286720K
  class space    used 10789K, committed 11200K, reserved 212992K
}
Event: 362.848 GC heap before
{Heap before GC invocations=28 (full 0):
 garbage-first heap   total 307200K, used 254446K [0x00000000e0000000, 0x0000000100000000)
  region size 1024K, 76 young (77824K), 2 survivors (2048K)
 Metaspace       used 81795K, committed 82816K, reserved 286720K
  class space    used 10978K, committed 11456K, reserved 212992K
}
Event: 362.854 GC heap after
{Heap after GC invocations=29 (full 0):
 garbage-first heap   total 307200K, used 183530K [0x00000000e0000000, 0x0000000100000000)
  region size 1024K, 6 young (6144K), 6 survivors (6144K)
 Metaspace       used 81795K, committed 82816K, reserved 286720K
  class space    used 10978K, committed 11456K, reserved 212992K
}
Event: 363.239 GC heap before
{Heap before GC invocations=30 (full 0):
 garbage-first heap   total 339968K, used 254186K [0x00000000e0000000, 0x0000000100000000)
  region size 1024K, 75 young (76800K), 6 survivors (6144K)
 Metaspace       used 81840K, committed 82816K, reserved 286720K
  class space    used 10969K, committed 11456K, reserved 212992K
}
Event: 363.245 GC heap after
{Heap after GC invocations=31 (full 0):
 garbage-first heap   total 339968K, used 188234K [0x00000000e0000000, 0x0000000100000000)
  region size 1024K, 10 young (10240K), 10 survivors (10240K)
 Metaspace       used 81840K, committed 82816K, reserved 286720K
  class space    used 10969K, committed 11456K, reserved 212992K
}
Event: 363.260 GC heap before
{Heap before GC invocations=31 (full 0):
 garbage-first heap   total 339968K, used 194378K [0x00000000e0000000, 0x0000000100000000)
  region size 1024K, 16 young (16384K), 10 survivors (10240K)
 Metaspace       used 81856K, committed 82880K, reserved 286720K
  class space    used 10969K, committed 11456K, reserved 212992K
}
Event: 363.266 GC heap after
{Heap after GC invocations=32 (full 0):
 garbage-first heap   total 339968K, used 182229K [0x00000000e0000000, 0x0000000100000000)
  region size 1024K, 2 young (2048K), 2 survivors (2048K)
 Metaspace       used 81856K, committed 82880K, reserved 286720K
  class space    used 10969K, committed 11456K, reserved 212992K
}
Event: 2830.828 GC heap before
{Heap before GC invocations=32 (full 0):
 garbage-first heap   total 339968K, used 281557K [0x00000000e0000000, 0x0000000100000000)
  region size 1024K, 99 young (101376K), 2 survivors (2048K)
 Metaspace       used 82182K, committed 83136K, reserved 286720K
  class space    used 10974K, committed 11456K, reserved 212992K
}
Event: 2830.831 GC heap after
{Heap after GC invocations=33 (full 0):
 garbage-first heap   total 339968K, used 184059K [0x00000000e0000000, 0x0000000100000000)
  region size 1024K, 4 young (4096K), 4 survivors (4096K)
 Metaspace       used 82182K, committed 83136K, reserved 286720K
  class space    used 10974K, committed 11456K, reserved 212992K
}
Event: 5962.266 GC heap before
{Heap before GC invocations=34 (full 0):
 garbage-first heap   total 339968K, used 283387K [0x00000000e0000000, 0x0000000100000000)
  region size 1024K, 101 young (103424K), 4 survivors (4096K)
 Metaspace       used 81596K, committed 83200K, reserved 286720K
  class space    used 10818K, committed 11456K, reserved 212992K
}
Event: 5962.280 GC heap after
{Heap after GC invocations=35 (full 0):
 garbage-first heap   total 339968K, used 187905K [0x00000000e0000000, 0x0000000100000000)
  region size 1024K, 8 young (8192K), 8 survivors (8192K)
 Metaspace       used 81596K, committed 83200K, reserved 286720K
  class space    used 10818K, committed 11456K, reserved 212992K
}
Event: 5962.315 GC heap before
{Heap before GC invocations=35 (full 0):
 garbage-first heap   total 339968K, used 196097K [0x00000000e0000000, 0x0000000100000000)
  region size 1024K, 16 young (16384K), 8 survivors (8192K)
 Metaspace       used 81623K, committed 83200K, reserved 286720K
  class space    used 10822K, committed 11456K, reserved 212992K
}

